# JRE version: Java(TM) SE Runtime Environment (8.0_191-b12) (build 1.8.0_191-b12)
# Java VM: Java HotSpot(TM) 64-Bit Server VM (25.191-b12 mixed mode windows-amd64 compressed oops)
Heap:
 PSYoungGen      total 38400K, used 37008K [0x00000000d5600000, 0x00000000da100000, 0x0000000100000000)
  eden space 33280K, 99% used [0x00000000d5600000,0x00000000d767e958,0x00000000d7680000)
  from space 5120K, 72% used [0x00000000d7680000,0x00000000d7a257a0,0x00000000d7b80000)
  to   space 5120K, 48% used [0x00000000d9c00000,0x00000000d9e72630,0x00000000da100000)
 ParOldGen       total 87552K, used 88K [0x0000000080200000, 0x0000000085780000, 0x00000000d5600000)
  object space 87552K, 0% used [0x0000000080200000,0x0000000080216010,0x0000000085780000)
 Metaspace       used 13290K, capacity 13362K, committed 13440K, reserved 1060864K
  class space    used 1337K, capacity 1361K, committed 1408K, reserved 1048576K
GC Heap History (3 events):
Event: 2.060 GC heap before
{Heap before GC invocations=1 (full 0):
 PSYoungGen      total 38400K, used 33280K [0x00000000d5600000, 0x00000000d8080000, 0x0000000100000000)
  eden space 33280K, 100% used [0x00000000d5600000,0x00000000d7680000,0x00000000d7680000)
  from space 5120K, 0% used [0x00000000d7b80000,0x00000000d7b80000,0x00000000d8080000)
  to   space 5120K, 0% used [0x00000000d7680000,0x00000000d7680000,0x00000000d7b80000)
 ParOldGen       total 87552K, used 0K [0x0000000080200000, 0x0000000085780000, 0x00000000d5600000)
  object space 87552K, 0% used [0x0000000080200000,0x0000000080200000,0x0000000085780000)
 Metaspace       used 10183K, capacity 10258K, committed 10496K, reserved 1058816K
  class space    used 1219K, capacity 1265K, committed 1280K, reserved 1048576K
Event: 2.111 GC heap after
Heap after GC invocations=1 (full 0):
 PSYoungGen      total 38400K, used 3733K [0x00000000d5600000, 0x00000000da100000, 0x0000000100000000)
  eden space 33280K, 0% used [0x00000000d5600000,0x00000000d5600000,0x00000000d7680000)
  from space 5120K, 72% used [0x00000000d7680000,0x00000000d7a257a0,0x00000000d7b80000)
  to   space 5120K, 0% used [0x00000000d9c00000,0x00000000d9c00000,0x00000000da100000)
 ParOldGen       total 87552K, used 80K [0x0000000080200000, 0x0000000085780000, 0x00000000d5600000)
  object space 87552K, 0% used [0x0000000080200000,0x0000000080214010,0x0000000085780000)
 Metaspace       used 10183K, capacity 10258K, committed 10496K, reserved 1058816K
  class space    used 1219K, capacity 1265K, committed 1280K, reserved 1048576K
}
Event: 11724355.847 GC heap before
{Heap before GC invocations=2 (full 0):
 PSYoungGen      total 38400K, used 37008K [0x00000000d5600000, 0x00000000da100000, 0x0000000100000000)
  eden space 33280K, 99% used [0x00000000d5600000,0x00000000d767e878,0x00000000d7680000)
  from space 5120K, 72% used [0x00000000d7680000,0x00000000d7a257a0,0x00000000d7b80000)
  to   space 5120K, 0% used [0x00000000d9c00000,0x00000000d9c00000,0x00000000da100000)
 ParOldGen       total 87552K, used 80K [0x0000000080200000, 0x0000000085780000, 0x00000000d5600000)
  object space 87552K, 0% used [0x0000000080200000,0x0000000080214010,0x0000000085780000)
 Metaspace       used 13290K, capacity 13362K, committed 13440K, reserved 1060864K
  class space    used 1337K, capacity 1361K, committed 1408K, reserved 1048576K

